2025-09-29T21:50:37.947Z [INFO] [SharedStateManager] Persistence not configured. 
2025-09-29T21:50:37.950Z [INFO] [SharedStateManager] State updated successfully {"path":"system"}
2025-09-29T21:50:37.950Z [INFO] [SharedStateManager] State updated successfully {"path":"system.coordinator"}
2025-09-29T21:50:37.951Z [INFO] [SharedStateManager] State updated successfully {"path":"system.coordinator.status"}
2025-09-29T21:50:37.951Z [INFO] [SharedStateManager] State updated successfully {"path":"agents.632e2dc2-b2f4-45ba-97b9-102193154dfe"}
2025-09-29T21:50:37.951Z [INFO] [SharedStateManager] State updated successfully {"path":"agents.632e2dc2-b2f4-45ba-97b9-102193154dfe"}
2025-09-29T21:50:37.956Z [INFO] [SharedStateManager] State updated successfully {"path":"system"}
2025-09-29T21:50:37.957Z [INFO] [SharedStateManager] State updated successfully {"path":"system.coordinator"}
2025-09-29T21:50:37.957Z [INFO] [SharedStateManager] State updated successfully {"path":"system.coordinator.status"}
2025-09-29T21:50:37.957Z [INFO] [SharedStateManager] State updated successfully {"path":"agents.781c977b-c49f-4613-9f40-cd969a15ea3c"}
2025-09-29T21:50:37.957Z [INFO] [SharedStateManager] State updated successfully {"path":"agents.781c977b-c49f-4613-9f40-cd969a15ea3c"}
2025-09-29T21:50:37.957Z [INFO] [SharedStateManager] State updated successfully {"path":"agents.16af3f99-fe89-40fc-8ebb-528f71b58fa7"}
2025-09-29T21:50:37.957Z [INFO] [SharedStateManager] State updated successfully {"path":"agents.16af3f99-fe89-40fc-8ebb-528f71b58fa7"}
2025-09-29T21:50:37.957Z [INFO] [SharedStateManager] State updated successfully {"path":"agents.ecd1bec2-b90d-465b-8a69-211d23e3dc8f"}
2025-09-29T21:50:37.957Z [INFO] [SharedStateManager] State updated successfully {"path":"agents.ecd1bec2-b90d-465b-8a69-211d23e3dc8f"}
2025-09-29T21:50:37.958Z [INFO] [SharedStateManager] State updated successfully {"path":"system"}
2025-09-29T21:50:37.958Z [INFO] [SharedStateManager] State updated successfully {"path":"system.coordinator"}
2025-09-29T21:50:37.958Z [INFO] [SharedStateManager] State updated successfully {"path":"system.coordinator.status"}
2025-09-29T21:50:37.958Z [INFO] [SharedStateManager] State updated successfully {"path":"agents.babeab95-951a-4782-a38d-603d3906d6ec"}
2025-09-29T21:50:37.958Z [INFO] [SharedStateManager] State updated successfully {"path":"agents.babeab95-951a-4782-a38d-603d3906d6ec"}
2025-09-29T21:50:37.958Z [INFO] [SharedStateManager] State updated successfully {"path":"tasks.d87b2e45-6891-4da0-baec-5504d586e008"}
2025-09-29T21:50:37.958Z [INFO] [SharedStateManager] State updated successfully {"path":"tasks.d87b2e45-6891-4da0-baec-5504d586e008"}
2025-09-29T21:50:37.958Z [INFO] [SharedStateManager] State updated successfully {"path":"tasks.d87b2e45-6891-4da0-baec-5504d586e008"}
2025-09-29T21:50:37.958Z [INFO] [SharedStateManager] State updated successfully {"path":"tasks.d87b2e45-6891-4da0-baec-5504d586e008"}
2025-09-29T21:50:37.959Z [INFO] [SharedStateManager] State updated successfully {"path":"system.coordinator.status"}
2025-09-29T21:50:37.959Z [INFO] [SharedStateManager] State updated successfully {"path":"system"}
2025-09-29T21:50:37.959Z [INFO] [SharedStateManager] State updated successfully {"path":"system.coordinator"}
2025-09-29T21:50:37.959Z [INFO] [SharedStateManager] State updated successfully {"path":"system.coordinator.status"}
2025-09-29T21:50:37.959Z [INFO] [SharedStateManager] State updated successfully {"path":"agents.78891f0b-d09d-4f8b-8730-3088d922a1a6"}
2025-09-29T21:50:37.959Z [INFO] [SharedStateManager] State updated successfully {"path":"agents.78891f0b-d09d-4f8b-8730-3088d922a1a6"}
2025-09-29T21:50:37.959Z [INFO] [SharedStateManager] State updated successfully {"path":"tasks.aafbb067-403e-4798-b5db-d42663faaba3"}
2025-09-29T21:50:37.959Z [INFO] [SharedStateManager] State updated successfully {"path":"tasks.14cc6f73-f302-46cc-8c7e-4905db917392"}
2025-09-29T21:50:37.959Z [INFO] [SharedStateManager] State updated successfully {"path":"tasks.1fdc6d04-3ed7-43e4-a260-a4a8d91486f1"}
2025-09-29T21:50:37.960Z [INFO] [SharedStateManager] State updated successfully {"path":"tasks.aafbb067-403e-4798-b5db-d42663faaba3"}
2025-09-29T21:50:37.960Z [INFO] [SharedStateManager] State updated successfully {"path":"tasks.aafbb067-403e-4798-b5db-d42663faaba3"}
2025-09-29T21:50:37.960Z [INFO] [SharedStateManager] State updated successfully {"path":"tasks.aafbb067-403e-4798-b5db-d42663faaba3"}
2025-09-29T21:50:37.960Z [INFO] [SharedStateManager] State updated successfully {"path":"tasks.14cc6f73-f302-46cc-8c7e-4905db917392"}
2025-09-29T21:50:37.960Z [INFO] [SharedStateManager] State updated successfully {"path":"tasks.14cc6f73-f302-46cc-8c7e-4905db917392"}
2025-09-29T21:50:37.960Z [INFO] [SharedStateManager] State updated successfully {"path":"tasks.14cc6f73-f302-46cc-8c7e-4905db917392"}
2025-09-29T21:50:37.960Z [INFO] [SharedStateManager] State updated successfully {"path":"system.coordinator.status"}
2025-09-29T21:50:37.960Z [INFO] [SharedStateManager] State updated successfully {"path":"system"}
2025-09-29T21:50:37.960Z [INFO] [SharedStateManager] State updated successfully {"path":"test.value"}
2025-09-29T21:50:37.960Z [INFO] [SharedStateManager] State updated successfully {"path":"test.nested.value"}
2025-09-29T21:50:37.960Z [INFO] [SharedStateManager] State updated successfully {"path":"agents.count"}
2025-09-29T21:50:37.961Z [INFO] [SharedStateManager] State updated successfully {"path":"system"}
2025-09-29T21:50:37.962Z [INFO] [SharedStateManager] Subscription created {"path":"test.watchable","subscriptionId":"f02eccff-74dc-46a6-a341-1af1736eddab"}
2025-09-29T21:50:37.962Z [INFO] [SharedStateManager] State updated successfully {"path":"test.watchable"}
2025-09-29T21:50:37.962Z [INFO] [SharedStateManager] State updated successfully {"path":"test.watchable"}
2025-09-29T21:50:37.962Z [INFO] [SharedStateManager] Subscription removed {"subscriptionId":"f02eccff-74dc-46a6-a341-1af1736eddab"}
2025-09-29T21:50:37.962Z [INFO] [SharedStateManager] State updated successfully {"path":"test.watchable"}
2025-09-29T21:50:37.962Z [INFO] [SharedStateManager] State updated successfully {"path":"system"}
2025-09-29T21:50:37.962Z [INFO] [SharedStateManager] State updated successfully {"path":"system.coordinator"}
2025-09-29T21:50:37.962Z [INFO] [SharedStateManager] State updated successfully {"path":"system.coordinator.status"}
2025-09-29T21:50:37.963Z [INFO] [SharedStateManager] State updated successfully {"path":"agents.1cc4b5ea-b689-4cd3-bf12-0af52db46a14"}
2025-09-29T21:50:37.965Z [INFO] [SharedStateManager] State updated successfully {"path":"agents.1cc4b5ea-b689-4cd3-bf12-0af52db46a14"}
2025-09-29T21:50:37.965Z [INFO] [SharedStateManager] State updated successfully {"path":"agents.528b76e7-1b74-4fe3-8f38-44148b10c8a8"}
2025-09-29T21:50:37.965Z [INFO] [SharedStateManager] State updated successfully {"path":"agents.528b76e7-1b74-4fe3-8f38-44148b10c8a8"}
2025-09-29T21:50:37.965Z [INFO] [SharedStateManager] State updated successfully {"path":"tasks.39b1f88b-99c6-4cf3-a326-b2521439d0c1"}
2025-09-29T21:50:37.965Z [INFO] [SharedStateManager] State updated successfully {"path":"system.coordinator.status"}
2025-09-29T21:50:37.966Z [INFO] [SharedStateManager] State updated successfully {"path":"tasks.39b1f88b-99c6-4cf3-a326-b2521439d0c1"}
2025-09-29T21:50:37.966Z [INFO] [SharedStateManager] State updated successfully {"path":"tasks.39b1f88b-99c6-4cf3-a326-b2521439d0c1"}
2025-09-29T21:50:37.966Z [INFO] [SharedStateManager] State updated successfully {"path":"tasks.39b1f88b-99c6-4cf3-a326-b2521439d0c1.research_results"}
2025-09-29T21:50:37.966Z [INFO] [SharedStateManager] State updated successfully {"path":"tasks.39b1f88b-99c6-4cf3-a326-b2521439d0c1"}
2025-09-29T21:50:37.966Z [INFO] [SharedStateManager] State updated successfully {"path":"tasks.39b1f88b-99c6-4cf3-a326-b2521439d0c1.analysis_results"}
2025-09-29T21:50:37.966Z [INFO] [SharedStateManager] State updated successfully {"path":"tasks.39b1f88b-99c6-4cf3-a326-b2521439d0c1"}
2025-09-29T21:51:36.722Z [INFO] [SharedStateManager] Persistence not configured. 
2025-09-29T21:51:36.726Z [INFO] [SharedStateManager] State updated successfully {"path":"system"}
2025-09-29T21:51:36.727Z [INFO] [SharedStateManager] State updated successfully {"path":"system.coordinator"}
2025-09-29T21:51:36.727Z [INFO] [SharedStateManager] State updated successfully {"path":"system.coordinator.status"}
2025-09-29T21:51:36.727Z [INFO] [SharedStateManager] State updated successfully {"path":"agents.e0da8c9c-4a2c-4330-905b-dc30d6268e8a"}
2025-09-29T21:51:36.727Z [INFO] [SharedStateManager] State updated successfully {"path":"agents.e0da8c9c-4a2c-4330-905b-dc30d6268e8a"}
2025-09-29T21:51:36.732Z [INFO] [SharedStateManager] State updated successfully {"path":"system"}
2025-09-29T21:51:36.733Z [INFO] [SharedStateManager] State updated successfully {"path":"system.coordinator"}
2025-09-29T21:51:36.733Z [INFO] [SharedStateManager] State updated successfully {"path":"system.coordinator.status"}
2025-09-29T21:51:36.733Z [INFO] [SharedStateManager] State updated successfully {"path":"agents.7150b5b1-b4d5-4c57-819a-8ef313dbba4d"}
2025-09-29T21:51:36.733Z [INFO] [SharedStateManager] State updated successfully {"path":"agents.7150b5b1-b4d5-4c57-819a-8ef313dbba4d"}
2025-09-29T21:51:36.733Z [INFO] [SharedStateManager] State updated successfully {"path":"agents.c8c04556-98ac-4ed4-9e44-62ed3d3f5ae5"}
2025-09-29T21:51:36.733Z [INFO] [SharedStateManager] State updated successfully {"path":"agents.c8c04556-98ac-4ed4-9e44-62ed3d3f5ae5"}
2025-09-29T21:51:36.733Z [INFO] [SharedStateManager] State updated successfully {"path":"agents.edeec609-1dcb-4b46-ad38-bee845b0d167"}
2025-09-29T21:51:36.733Z [INFO] [SharedStateManager] State updated successfully {"path":"agents.edeec609-1dcb-4b46-ad38-bee845b0d167"}
2025-09-29T21:51:36.734Z [INFO] [SharedStateManager] State updated successfully {"path":"system"}
2025-09-29T21:51:36.734Z [INFO] [SharedStateManager] State updated successfully {"path":"system.coordinator"}
2025-09-29T21:51:36.734Z [INFO] [SharedStateManager] State updated successfully {"path":"system.coordinator.status"}
2025-09-29T21:51:36.734Z [INFO] [SharedStateManager] State updated successfully {"path":"agents.450b79f3-e8f8-4652-abd3-e2e2f690bf5b"}
2025-09-29T21:51:36.734Z [INFO] [SharedStateManager] State updated successfully {"path":"agents.450b79f3-e8f8-4652-abd3-e2e2f690bf5b"}
2025-09-29T21:51:36.734Z [INFO] [SharedStateManager] State updated successfully {"path":"tasks.b0d28f6d-c5d9-4237-b887-1ba338b0782b"}
2025-09-29T21:51:36.734Z [INFO] [SharedStateManager] State updated successfully {"path":"tasks.b0d28f6d-c5d9-4237-b887-1ba338b0782b"}
2025-09-29T21:51:36.734Z [INFO] [SharedStateManager] State updated successfully {"path":"tasks.b0d28f6d-c5d9-4237-b887-1ba338b0782b"}
2025-09-29T21:51:36.734Z [INFO] [SharedStateManager] State updated successfully {"path":"tasks.b0d28f6d-c5d9-4237-b887-1ba338b0782b"}
2025-09-29T21:51:36.735Z [INFO] [SharedStateManager] State updated successfully {"path":"system.coordinator.status"}
2025-09-29T21:51:36.735Z [INFO] [SharedStateManager] State updated successfully {"path":"system"}
2025-09-29T21:51:36.735Z [INFO] [SharedStateManager] State updated successfully {"path":"system.coordinator"}
2025-09-29T21:51:36.735Z [INFO] [SharedStateManager] State updated successfully {"path":"system.coordinator.status"}
2025-09-29T21:51:36.735Z [INFO] [SharedStateManager] State updated successfully {"path":"agents.15016a58-2fc0-46dc-89e5-4aaf26b400ba"}
2025-09-29T21:51:36.735Z [INFO] [SharedStateManager] State updated successfully {"path":"agents.15016a58-2fc0-46dc-89e5-4aaf26b400ba"}
2025-09-29T21:51:36.735Z [INFO] [SharedStateManager] State updated successfully {"path":"tasks.bc937a14-83cf-4940-9d2b-38b64aa2d1d6"}
2025-09-29T21:51:36.735Z [INFO] [SharedStateManager] State updated successfully {"path":"tasks.7b552328-3b68-499a-849a-9f288f6bd56b"}
2025-09-29T21:51:36.735Z [INFO] [SharedStateManager] State updated successfully {"path":"tasks.476eb33c-0ab5-453a-8f4b-095e8222586b"}
2025-09-29T21:51:36.736Z [INFO] [SharedStateManager] State updated successfully {"path":"tasks.bc937a14-83cf-4940-9d2b-38b64aa2d1d6"}
2025-09-29T21:51:36.736Z [INFO] [SharedStateManager] State updated successfully {"path":"tasks.bc937a14-83cf-4940-9d2b-38b64aa2d1d6"}
2025-09-29T21:51:36.736Z [INFO] [SharedStateManager] State updated successfully {"path":"tasks.bc937a14-83cf-4940-9d2b-38b64aa2d1d6"}
2025-09-29T21:51:36.736Z [INFO] [SharedStateManager] State updated successfully {"path":"tasks.7b552328-3b68-499a-849a-9f288f6bd56b"}
2025-09-29T21:51:36.736Z [INFO] [SharedStateManager] State updated successfully {"path":"tasks.7b552328-3b68-499a-849a-9f288f6bd56b"}
2025-09-29T21:51:36.736Z [INFO] [SharedStateManager] State updated successfully {"path":"tasks.7b552328-3b68-499a-849a-9f288f6bd56b"}
2025-09-29T21:51:36.736Z [INFO] [SharedStateManager] State updated successfully {"path":"system.coordinator.status"}
2025-09-29T21:51:36.738Z [INFO] [SharedStateManager] State updated successfully {"path":"system"}
2025-09-29T21:51:36.740Z [INFO] [SharedStateManager] State updated successfully {"path":"test.value"}
2025-09-29T21:51:36.740Z [INFO] [SharedStateManager] State updated successfully {"path":"test.nested.value"}
2025-09-29T21:51:36.741Z [INFO] [SharedStateManager] State updated successfully {"path":"agents.count"}
2025-09-29T21:51:36.743Z [INFO] [SharedStateManager] State updated successfully {"path":"system"}
2025-09-29T21:51:36.744Z [INFO] [SharedStateManager] Subscription created {"path":"test.watchable","subscriptionId":"768e90eb-6481-4834-9185-137109616a32"}
2025-09-29T21:51:36.744Z [INFO] [SharedStateManager] State updated successfully {"path":"test.watchable"}
2025-09-29T21:51:36.744Z [INFO] [SharedStateManager] State updated successfully {"path":"test.watchable"}
2025-09-29T21:51:36.744Z [INFO] [SharedStateManager] Subscription removed {"subscriptionId":"768e90eb-6481-4834-9185-137109616a32"}
2025-09-29T21:51:36.744Z [INFO] [SharedStateManager] State updated successfully {"path":"test.watchable"}
2025-09-29T21:51:36.744Z [INFO] [SharedStateManager] State updated successfully {"path":"system"}
2025-09-29T21:51:36.744Z [INFO] [SharedStateManager] State updated successfully {"path":"system.coordinator"}
2025-09-29T21:51:36.745Z [INFO] [SharedStateManager] State updated successfully {"path":"system.coordinator.status"}
2025-09-29T21:51:36.745Z [INFO] [SharedStateManager] State updated successfully {"path":"agents.52d692d3-9ecb-40cd-8366-104105493dde"}
2025-09-29T21:51:36.745Z [INFO] [SharedStateManager] State updated successfully {"path":"agents.52d692d3-9ecb-40cd-8366-104105493dde"}
2025-09-29T21:51:36.745Z [INFO] [SharedStateManager] State updated successfully {"path":"agents.69de1f3f-754f-477f-9820-b69df7b43b22"}
2025-09-29T21:51:36.745Z [INFO] [SharedStateManager] State updated successfully {"path":"agents.69de1f3f-754f-477f-9820-b69df7b43b22"}
2025-09-29T21:51:36.745Z [INFO] [SharedStateManager] State updated successfully {"path":"tasks.4e1628c6-527c-4631-8e44-d59d5ffa53b1"}
2025-09-29T21:51:36.745Z [INFO] [SharedStateManager] State updated successfully {"path":"system.coordinator.status"}
2025-09-29T21:51:36.745Z [INFO] [SharedStateManager] State updated successfully {"path":"tasks.4e1628c6-527c-4631-8e44-d59d5ffa53b1"}
2025-09-29T21:51:36.745Z [INFO] [SharedStateManager] State updated successfully {"path":"tasks.4e1628c6-527c-4631-8e44-d59d5ffa53b1"}
2025-09-29T21:51:36.745Z [INFO] [SharedStateManager] State updated successfully {"path":"tasks.4e1628c6-527c-4631-8e44-d59d5ffa53b1.research_results"}
2025-09-29T21:51:36.745Z [INFO] [SharedStateManager] State updated successfully {"path":"tasks.4e1628c6-527c-4631-8e44-d59d5ffa53b1"}
2025-09-29T21:51:36.745Z [INFO] [SharedStateManager] State updated successfully {"path":"tasks.4e1628c6-527c-4631-8e44-d59d5ffa53b1.analysis_results"}
2025-09-29T21:51:36.745Z [INFO] [SharedStateManager] State updated successfully {"path":"tasks.4e1628c6-527c-4631-8e44-d59d5ffa53b1"}
2025-09-29T22:09:47.029Z [INFO] [SharedStateManager] Persistence not configured. 
2025-09-29T22:09:47.032Z [INFO] [SharedStateManager] State updated successfully {"path":"system"}
2025-09-29T22:09:47.032Z [INFO] [SharedStateManager] State updated successfully {"path":"system.coordinator"}
2025-09-29T22:09:47.032Z [INFO] [SharedStateManager] State updated successfully {"path":"system.coordinator.status"}
2025-09-29T22:09:47.033Z [INFO] [SharedStateManager] State updated successfully {"path":"agents.2ea9b2cc-84cd-4704-ad2d-5546ddc0f131"}
2025-09-29T22:09:47.033Z [INFO] [SharedStateManager] State updated successfully {"path":"agents.2ea9b2cc-84cd-4704-ad2d-5546ddc0f131"}
2025-09-29T22:09:47.038Z [INFO] [SharedStateManager] State updated successfully {"path":"system"}
2025-09-29T22:09:47.039Z [INFO] [SharedStateManager] State updated successfully {"path":"system.coordinator"}
2025-09-29T22:09:47.039Z [INFO] [SharedStateManager] State updated successfully {"path":"system.coordinator.status"}
2025-09-29T22:09:47.039Z [INFO] [SharedStateManager] State updated successfully {"path":"agents.f3e2fbe8-2cfa-41ff-acea-70a179bc1b48"}
2025-09-29T22:09:47.039Z [INFO] [SharedStateManager] State updated successfully {"path":"agents.f3e2fbe8-2cfa-41ff-acea-70a179bc1b48"}
2025-09-29T22:09:47.039Z [INFO] [SharedStateManager] State updated successfully {"path":"agents.0e1af59f-6024-45ac-b501-8f6f0e2a69f3"}
2025-09-29T22:09:47.039Z [INFO] [SharedStateManager] State updated successfully {"path":"agents.0e1af59f-6024-45ac-b501-8f6f0e2a69f3"}
2025-09-29T22:09:47.039Z [INFO] [SharedStateManager] State updated successfully {"path":"agents.a731bd07-989c-4db3-86f9-09e8bd5a3b5e"}
2025-09-29T22:09:47.039Z [INFO] [SharedStateManager] State updated successfully {"path":"agents.a731bd07-989c-4db3-86f9-09e8bd5a3b5e"}
2025-09-29T22:09:47.040Z [INFO] [SharedStateManager] State updated successfully {"path":"system"}
2025-09-29T22:09:47.040Z [INFO] [SharedStateManager] State updated successfully {"path":"system.coordinator"}
2025-09-29T22:09:47.040Z [INFO] [SharedStateManager] State updated successfully {"path":"system.coordinator.status"}
2025-09-29T22:09:47.041Z [INFO] [SharedStateManager] State updated successfully {"path":"agents.02007229-01f4-4527-a771-940fc239fd4e"}
2025-09-29T22:09:47.041Z [INFO] [SharedStateManager] State updated successfully {"path":"agents.02007229-01f4-4527-a771-940fc239fd4e"}
2025-09-29T22:09:47.041Z [INFO] [SharedStateManager] State updated successfully {"path":"tasks.bbed607a-3998-400f-92cb-96c4d105b4c6"}
2025-09-29T22:09:47.041Z [INFO] [SharedStateManager] State updated successfully {"path":"tasks.bbed607a-3998-400f-92cb-96c4d105b4c6"}
2025-09-29T22:09:47.041Z [INFO] [SharedStateManager] State updated successfully {"path":"tasks.bbed607a-3998-400f-92cb-96c4d105b4c6"}
2025-09-29T22:09:47.041Z [INFO] [SharedStateManager] State updated successfully {"path":"tasks.bbed607a-3998-400f-92cb-96c4d105b4c6"}
2025-09-29T22:09:47.041Z [INFO] [SharedStateManager] State updated successfully {"path":"system.coordinator.status"}
2025-09-29T22:09:47.042Z [INFO] [SharedStateManager] State updated successfully {"path":"system"}
2025-09-29T22:09:47.042Z [INFO] [SharedStateManager] State updated successfully {"path":"system.coordinator"}
2025-09-29T22:09:47.042Z [INFO] [SharedStateManager] State updated successfully {"path":"system.coordinator.status"}
2025-09-29T22:09:47.042Z [INFO] [SharedStateManager] State updated successfully {"path":"agents.efd9dc59-d699-4b5e-a863-411605eda76f"}
2025-09-29T22:09:47.042Z [INFO] [SharedStateManager] State updated successfully {"path":"agents.efd9dc59-d699-4b5e-a863-411605eda76f"}
2025-09-29T22:09:47.042Z [INFO] [SharedStateManager] State updated successfully {"path":"tasks.512359b5-9197-4474-96da-0fede88aca5d"}
2025-09-29T22:09:47.042Z [INFO] [SharedStateManager] State updated successfully {"path":"tasks.a35af09b-6c8e-4f6d-9b41-ae18923b26a0"}
2025-09-29T22:09:47.042Z [INFO] [SharedStateManager] State updated successfully {"path":"tasks.173ea95e-1c72-4d01-b7df-4ff8d6579d75"}
2025-09-29T22:09:47.043Z [INFO] [SharedStateManager] State updated successfully {"path":"tasks.512359b5-9197-4474-96da-0fede88aca5d"}
2025-09-29T22:09:47.043Z [INFO] [SharedStateManager] State updated successfully {"path":"tasks.512359b5-9197-4474-96da-0fede88aca5d"}
2025-09-29T22:09:47.043Z [INFO] [SharedStateManager] State updated successfully {"path":"tasks.512359b5-9197-4474-96da-0fede88aca5d"}
2025-09-29T22:09:47.043Z [INFO] [SharedStateManager] State updated successfully {"path":"tasks.a35af09b-6c8e-4f6d-9b41-ae18923b26a0"}
2025-09-29T22:09:47.043Z [INFO] [SharedStateManager] State updated successfully {"path":"tasks.a35af09b-6c8e-4f6d-9b41-ae18923b26a0"}
2025-09-29T22:09:47.043Z [INFO] [SharedStateManager] State updated successfully {"path":"tasks.a35af09b-6c8e-4f6d-9b41-ae18923b26a0"}
2025-09-29T22:09:47.043Z [INFO] [SharedStateManager] State updated successfully {"path":"system.coordinator.status"}
2025-09-29T22:09:47.043Z [INFO] [SharedStateManager] State updated successfully {"path":"system"}
2025-09-29T22:09:47.044Z [INFO] [SharedStateManager] State updated successfully {"path":"test.value"}
2025-09-29T22:09:47.044Z [INFO] [SharedStateManager] State updated successfully {"path":"test.nested.value"}
2025-09-29T22:09:47.044Z [INFO] [SharedStateManager] State updated successfully {"path":"agents.count"}
2025-09-29T22:09:47.045Z [INFO] [SharedStateManager] State updated successfully {"path":"system"}
2025-09-29T22:09:47.045Z [INFO] [SharedStateManager] Subscription created {"path":"test.watchable","subscriptionId":"e249c644-8734-4580-a416-c34311705f35"}
2025-09-29T22:09:47.045Z [INFO] [SharedStateManager] State updated successfully {"path":"test.watchable"}
2025-09-29T22:09:47.045Z [INFO] [SharedStateManager] State updated successfully {"path":"test.watchable"}
2025-09-29T22:09:47.045Z [INFO] [SharedStateManager] Subscription removed {"subscriptionId":"e249c644-8734-4580-a416-c34311705f35"}
2025-09-29T22:09:47.045Z [INFO] [SharedStateManager] State updated successfully {"path":"test.watchable"}
2025-09-29T22:09:47.045Z [INFO] [SharedStateManager] State updated successfully {"path":"system"}
2025-09-29T22:09:47.046Z [INFO] [SharedStateManager] State updated successfully {"path":"system.coordinator"}
2025-09-29T22:09:47.046Z [INFO] [SharedStateManager] State updated successfully {"path":"system.coordinator.status"}
2025-09-29T22:09:47.046Z [INFO] [SharedStateManager] State updated successfully {"path":"agents.58e25b85-2690-422d-89b3-98d62b625e67"}
2025-09-29T22:09:47.046Z [INFO] [SharedStateManager] State updated successfully {"path":"agents.58e25b85-2690-422d-89b3-98d62b625e67"}
2025-09-29T22:09:47.046Z [INFO] [SharedStateManager] State updated successfully {"path":"agents.c85b97d1-7359-4771-a9d1-69a3ab3e5665"}
2025-09-29T22:09:47.046Z [INFO] [SharedStateManager] State updated successfully {"path":"agents.c85b97d1-7359-4771-a9d1-69a3ab3e5665"}
2025-09-29T22:09:47.046Z [INFO] [SharedStateManager] State updated successfully {"path":"tasks.088c43e1-0ec1-4f5c-8ce5-66f8af8ff44b"}
2025-09-29T22:09:47.046Z [INFO] [SharedStateManager] State updated successfully {"path":"system.coordinator.status"}
2025-09-29T22:09:47.046Z [INFO] [SharedStateManager] State updated successfully {"path":"tasks.088c43e1-0ec1-4f5c-8ce5-66f8af8ff44b"}
2025-09-29T22:09:47.046Z [INFO] [SharedStateManager] State updated successfully {"path":"tasks.088c43e1-0ec1-4f5c-8ce5-66f8af8ff44b"}
2025-09-29T22:09:47.046Z [INFO] [SharedStateManager] State updated successfully {"path":"tasks.088c43e1-0ec1-4f5c-8ce5-66f8af8ff44b.research_results"}
2025-09-29T22:09:47.046Z [INFO] [SharedStateManager] State updated successfully {"path":"tasks.088c43e1-0ec1-4f5c-8ce5-66f8af8ff44b"}
2025-09-29T22:09:47.046Z [INFO] [SharedStateManager] State updated successfully {"path":"tasks.088c43e1-0ec1-4f5c-8ce5-66f8af8ff44b.analysis_results"}
2025-09-29T22:09:47.046Z [INFO] [SharedStateManager] State updated successfully {"path":"tasks.088c43e1-0ec1-4f5c-8ce5-66f8af8ff44b"}
2025-12-08T15:02:37.454Z [INFO] [SharedStateManager] Persistence not configured. 
2025-12-08T15:02:37.457Z [INFO] [SharedStateManager] State updated successfully {"path":"system"}
2025-12-08T15:02:37.458Z [INFO] [SharedStateManager] State updated successfully {"path":"system.coordinator"}
2025-12-08T15:02:37.458Z [INFO] [SharedStateManager] State updated successfully {"path":"system.coordinator.status"}
2025-12-08T15:02:37.458Z [INFO] [SharedStateManager] State updated successfully {"path":"agents.bf55b984-208d-41e6-8d9c-c05b29d497ed"}
2025-12-08T15:02:37.459Z [INFO] [SharedStateManager] State updated successfully {"path":"agents.bf55b984-208d-41e6-8d9c-c05b29d497ed"}
2025-12-08T15:02:37.463Z [INFO] [SharedStateManager] State updated successfully {"path":"system"}
2025-12-08T15:02:37.464Z [INFO] [SharedStateManager] State updated successfully {"path":"system.coordinator"}
2025-12-08T15:02:37.464Z [INFO] [SharedStateManager] State updated successfully {"path":"system.coordinator.status"}
2025-12-08T15:02:37.464Z [INFO] [SharedStateManager] State updated successfully {"path":"agents.4c4aa185-b0ca-4d75-9e96-2c73bbd393e1"}
2025-12-08T15:02:37.464Z [INFO] [SharedStateManager] State updated successfully {"path":"agents.4c4aa185-b0ca-4d75-9e96-2c73bbd393e1"}
2025-12-08T15:02:37.464Z [INFO] [SharedStateManager] State updated successfully {"path":"agents.44119c21-3d5e-47e7-a9e5-4636defd0fc6"}
2025-12-08T15:02:37.464Z [INFO] [SharedStateManager] State updated successfully {"path":"agents.44119c21-3d5e-47e7-a9e5-4636defd0fc6"}
2025-12-08T15:02:37.464Z [INFO] [SharedStateManager] State updated successfully {"path":"agents.839937fc-9173-4cf7-a80a-3d14716b8b41"}
2025-12-08T15:02:37.464Z [INFO] [SharedStateManager] State updated successfully {"path":"agents.839937fc-9173-4cf7-a80a-3d14716b8b41"}
2025-12-08T15:02:37.465Z [INFO] [SharedStateManager] State updated successfully {"path":"system"}
2025-12-08T15:02:37.465Z [INFO] [SharedStateManager] State updated successfully {"path":"system.coordinator"}
2025-12-08T15:02:37.465Z [INFO] [SharedStateManager] State updated successfully {"path":"system.coordinator.status"}
2025-12-08T15:02:37.465Z [INFO] [SharedStateManager] State updated successfully {"path":"agents.b497e50b-b75d-430b-9cd2-21deeea7aada"}
2025-12-08T15:02:37.465Z [INFO] [SharedStateManager] State updated successfully {"path":"agents.b497e50b-b75d-430b-9cd2-21deeea7aada"}
2025-12-08T15:02:37.466Z [INFO] [SharedStateManager] State updated successfully {"path":"tasks.de499076-07e8-44e0-b21a-e57b5fcb09e1"}
2025-12-08T15:02:37.466Z [INFO] [SharedStateManager] State updated successfully {"path":"tasks.de499076-07e8-44e0-b21a-e57b5fcb09e1"}
2025-12-08T15:02:37.466Z [INFO] [SharedStateManager] State updated successfully {"path":"tasks.de499076-07e8-44e0-b21a-e57b5fcb09e1"}
2025-12-08T15:02:37.466Z [INFO] [SharedStateManager] State updated successfully {"path":"tasks.de499076-07e8-44e0-b21a-e57b5fcb09e1"}
2025-12-08T15:02:37.466Z [INFO] [SharedStateManager] State updated successfully {"path":"system.coordinator.status"}
2025-12-08T15:02:37.466Z [INFO] [SharedStateManager] State updated successfully {"path":"agents.b497e50b-b75d-430b-9cd2-21deeea7aada"}
2025-12-08T15:02:37.466Z [INFO] [SharedStateManager] State updated successfully {"path":"system"}
2025-12-08T15:02:37.466Z [INFO] [SharedStateManager] State updated successfully {"path":"system.coordinator"}
2025-12-08T15:02:37.466Z [INFO] [SharedStateManager] State updated successfully {"path":"system.coordinator.status"}
2025-12-08T15:02:37.467Z [INFO] [SharedStateManager] State updated successfully {"path":"agents.3073400c-1032-47ce-b48e-8d065f70684f"}
2025-12-08T15:02:37.467Z [INFO] [SharedStateManager] State updated successfully {"path":"agents.3073400c-1032-47ce-b48e-8d065f70684f"}
2025-12-08T15:02:37.467Z [INFO] [SharedStateManager] State updated successfully {"path":"tasks.6e4713c7-8c6f-4d48-aa40-39e6b4293568"}
2025-12-08T15:02:37.467Z [INFO] [SharedStateManager] State updated successfully {"path":"tasks.4d121497-19ef-45c2-806f-438d539e523e"}
2025-12-08T15:02:37.467Z [INFO] [SharedStateManager] State updated successfully {"path":"tasks.298189e4-34e4-4a12-bff9-f52a470f2e5e"}
2025-12-08T15:02:37.467Z [INFO] [SharedStateManager] State updated successfully {"path":"tasks.6e4713c7-8c6f-4d48-aa40-39e6b4293568"}
2025-12-08T15:02:37.467Z [INFO] [SharedStateManager] State updated successfully {"path":"tasks.6e4713c7-8c6f-4d48-aa40-39e6b4293568"}
2025-12-08T15:02:37.467Z [INFO] [SharedStateManager] State updated successfully {"path":"tasks.6e4713c7-8c6f-4d48-aa40-39e6b4293568"}
2025-12-08T15:02:37.467Z [INFO] [SharedStateManager] State updated successfully {"path":"tasks.4d121497-19ef-45c2-806f-438d539e523e"}
2025-12-08T15:02:37.467Z [INFO] [SharedStateManager] State updated successfully {"path":"tasks.4d121497-19ef-45c2-806f-438d539e523e"}
2025-12-08T15:02:37.467Z [INFO] [SharedStateManager] State updated successfully {"path":"tasks.4d121497-19ef-45c2-806f-438d539e523e"}
2025-12-08T15:02:37.467Z [INFO] [SharedStateManager] State updated successfully {"path":"system.coordinator.status"}
2025-12-08T15:02:37.467Z [INFO] [SharedStateManager] State updated successfully {"path":"agents.3073400c-1032-47ce-b48e-8d065f70684f"}
2025-12-08T15:02:37.467Z [INFO] [SharedStateManager] State updated successfully {"path":"system"}
2025-12-08T15:02:37.468Z [INFO] [SharedStateManager] State updated successfully {"path":"test.value"}
2025-12-08T15:02:37.468Z [INFO] [SharedStateManager] State updated successfully {"path":"test.nested.value"}
2025-12-08T15:02:37.468Z [INFO] [SharedStateManager] State updated successfully {"path":"agents.count"}
2025-12-08T15:02:37.468Z [INFO] [SharedStateManager] State updated successfully {"path":"system"}
2025-12-08T15:02:37.468Z [INFO] [SharedStateManager] Subscription created {"path":"test.watchable","subscriptionId":"925e8694-1ed5-4067-95f5-f46cdde8dac5"}
2025-12-08T15:02:37.469Z [INFO] [SharedStateManager] State updated successfully {"path":"test.watchable"}
2025-12-08T15:02:37.469Z [INFO] [SharedStateManager] State updated successfully {"path":"test.watchable"}
2025-12-08T15:02:37.469Z [INFO] [SharedStateManager] Subscription removed {"subscriptionId":"925e8694-1ed5-4067-95f5-f46cdde8dac5"}
2025-12-08T15:02:37.469Z [INFO] [SharedStateManager] State updated successfully {"path":"test.watchable"}
2025-12-08T15:02:37.469Z [INFO] [SharedStateManager] State updated successfully {"path":"system"}
2025-12-08T15:02:37.469Z [INFO] [SharedStateManager] State updated successfully {"path":"system.coordinator"}
2025-12-08T15:02:37.469Z [INFO] [SharedStateManager] State updated successfully {"path":"system.coordinator.status"}
2025-12-08T15:02:37.469Z [INFO] [SharedStateManager] State updated successfully {"path":"agents.70ed49e0-0656-44e1-9d6b-c915e72ba161"}
2025-12-08T15:02:37.469Z [INFO] [SharedStateManager] State updated successfully {"path":"agents.70ed49e0-0656-44e1-9d6b-c915e72ba161"}
2025-12-08T15:02:37.470Z [INFO] [SharedStateManager] State updated successfully {"path":"agents.e773ab94-b427-46ac-b145-33e997be9e5b"}
2025-12-08T15:02:37.470Z [INFO] [SharedStateManager] State updated successfully {"path":"agents.e773ab94-b427-46ac-b145-33e997be9e5b"}
2025-12-08T15:02:37.470Z [INFO] [SharedStateManager] State updated successfully {"path":"tasks.19a46615-40eb-46be-945e-0277faa176a7"}
2025-12-08T15:02:37.470Z [INFO] [SharedStateManager] State updated successfully {"path":"system.coordinator.status"}
2025-12-08T15:02:37.470Z [INFO] [SharedStateManager] State updated successfully {"path":"tasks.19a46615-40eb-46be-945e-0277faa176a7"}
2025-12-08T15:02:37.470Z [INFO] [SharedStateManager] State updated successfully {"path":"tasks.19a46615-40eb-46be-945e-0277faa176a7"}
2025-12-08T15:02:37.470Z [INFO] [SharedStateManager] State updated successfully {"path":"tasks.19a46615-40eb-46be-945e-0277faa176a7.research_results"}
2025-12-08T15:02:37.470Z [INFO] [SharedStateManager] State updated successfully {"path":"tasks.19a46615-40eb-46be-945e-0277faa176a7"}
2025-12-08T15:02:37.470Z [INFO] [SharedStateManager] State updated successfully {"path":"tasks.19a46615-40eb-46be-945e-0277faa176a7.analysis_results"}
2025-12-08T15:02:37.470Z [INFO] [SharedStateManager] State updated successfully {"path":"tasks.19a46615-40eb-46be-945e-0277faa176a7"}
2025-12-08T15:08:20.542Z [INFO] [SharedStateManager] Persistence not configured. 
2025-12-08T15:08:20.544Z [INFO] [SharedStateManager] State updated successfully {"path":"system"}
2025-12-08T15:08:20.545Z [INFO] [SharedStateManager] State updated successfully {"path":"system.coordinator"}
2025-12-08T15:08:20.545Z [INFO] [SharedStateManager] State updated successfully {"path":"system.coordinator.status"}
2025-12-08T15:08:20.545Z [INFO] [SharedStateManager] State updated successfully {"path":"agents.525a3d75-2fc9-4e63-8a11-6c9310ffa8fa"}
2025-12-08T15:08:20.546Z [INFO] [SharedStateManager] State updated successfully {"path":"agents.525a3d75-2fc9-4e63-8a11-6c9310ffa8fa"}
2025-12-08T15:08:20.546Z [INFO] [SharedStateManager] State updated successfully {"path":"system.coordinator.status"}
2025-12-08T15:08:20.546Z [INFO] [SharedStateManager] State updated successfully {"path":"agents.525a3d75-2fc9-4e63-8a11-6c9310ffa8fa"}
2025-12-08T15:08:20.547Z [INFO] [SharedStateManager] State updated successfully {"path":"system"}
2025-12-08T15:08:20.547Z [INFO] [SharedStateManager] State updated successfully {"path":"system.coordinator"}
2025-12-08T15:08:20.548Z [INFO] [SharedStateManager] State updated successfully {"path":"system.coordinator.status"}
2025-12-08T15:08:20.548Z [INFO] [SharedStateManager] State updated successfully {"path":"agents.884c2e00-1fe4-48b5-96de-460d0f828194"}
2025-12-08T15:08:20.548Z [INFO] [SharedStateManager] State updated successfully {"path":"agents.884c2e00-1fe4-48b5-96de-460d0f828194"}
2025-12-08T15:08:20.548Z [INFO] [SharedStateManager] State updated successfully {"path":"agents.e4a597ed-1d3e-40be-81bf-48ea0a04dda4"}
2025-12-08T15:08:20.548Z [INFO] [SharedStateManager] State updated successfully {"path":"agents.e4a597ed-1d3e-40be-81bf-48ea0a04dda4"}
2025-12-08T15:08:20.548Z [INFO] [SharedStateManager] State updated successfully {"path":"agents.436d94b3-0f48-4e41-b7d5-0a3cf88dc9cc"}
2025-12-08T15:08:20.548Z [INFO] [SharedStateManager] State updated successfully {"path":"agents.436d94b3-0f48-4e41-b7d5-0a3cf88dc9cc"}
2025-12-08T15:08:20.548Z [INFO] [SharedStateManager] State updated successfully {"path":"system.coordinator.status"}
2025-12-08T15:08:20.548Z [INFO] [SharedStateManager] State updated successfully {"path":"agents.884c2e00-1fe4-48b5-96de-460d0f828194"}
2025-12-08T15:08:20.548Z [INFO] [SharedStateManager] State updated successfully {"path":"agents.e4a597ed-1d3e-40be-81bf-48ea0a04dda4"}
2025-12-08T15:08:20.548Z [INFO] [SharedStateManager] State updated successfully {"path":"agents.436d94b3-0f48-4e41-b7d5-0a3cf88dc9cc"}
2025-12-08T15:08:20.549Z [INFO] [SharedStateManager] State updated successfully {"path":"system"}
2025-12-08T15:08:20.549Z [INFO] [SharedStateManager] State updated successfully {"path":"system.coordinator"}
2025-12-08T15:08:20.549Z [INFO] [SharedStateManager] State updated successfully {"path":"system.coordinator.status"}
2025-12-08T15:08:20.549Z [INFO] [SharedStateManager] State updated successfully {"path":"agents.d9c7344a-fa80-4a19-a855-0dc422957e3f"}
2025-12-08T15:08:20.549Z [INFO] [SharedStateManager] State updated successfully {"path":"agents.d9c7344a-fa80-4a19-a855-0dc422957e3f"}
2025-12-08T15:08:20.549Z [INFO] [SharedStateManager] State updated successfully {"path":"tasks.5d3abef4-fb80-47e9-ac41-837399c8e201"}
2025-12-08T15:08:20.549Z [INFO] [SharedStateManager] State updated successfully {"path":"tasks.5d3abef4-fb80-47e9-ac41-837399c8e201"}
2025-12-08T15:08:20.550Z [INFO] [SharedStateManager] State updated successfully {"path":"tasks.5d3abef4-fb80-47e9-ac41-837399c8e201"}
2025-12-08T15:08:20.550Z [INFO] [SharedStateManager] State updated successfully {"path":"tasks.5d3abef4-fb80-47e9-ac41-837399c8e201"}
2025-12-08T15:08:20.550Z [INFO] [SharedStateManager] State updated successfully {"path":"system.coordinator.status"}
2025-12-08T15:08:20.550Z [INFO] [SharedStateManager] State updated successfully {"path":"agents.d9c7344a-fa80-4a19-a855-0dc422957e3f"}
2025-12-08T15:08:20.550Z [INFO] [SharedStateManager] State updated successfully {"path":"system"}
2025-12-08T15:08:20.550Z [INFO] [SharedStateManager] State updated successfully {"path":"system.coordinator"}
2025-12-08T15:08:20.550Z [INFO] [SharedStateManager] State updated successfully {"path":"system.coordinator.status"}
2025-12-08T15:08:20.550Z [INFO] [SharedStateManager] State updated successfully {"path":"agents.cb9c6652-a49a-41d3-8440-51fc0fa601f6"}
2025-12-08T15:08:20.551Z [INFO] [SharedStateManager] State updated successfully {"path":"agents.cb9c6652-a49a-41d3-8440-51fc0fa601f6"}
2025-12-08T15:08:20.551Z [INFO] [SharedStateManager] State updated successfully {"path":"tasks.f4bbfc99-0db1-4a3a-85f5-76bf788982b0"}
2025-12-08T15:08:20.551Z [INFO] [SharedStateManager] State updated successfully {"path":"tasks.26b14146-bf0d-49e2-a01f-4c0266d583ee"}
2025-12-08T15:08:20.551Z [INFO] [SharedStateManager] State updated successfully {"path":"tasks.263707b2-8692-4b1b-ac29-69f760faecf5"}
2025-12-08T15:08:20.551Z [INFO] [SharedStateManager] State updated successfully {"path":"tasks.f4bbfc99-0db1-4a3a-85f5-76bf788982b0"}
2025-12-08T15:08:20.551Z [INFO] [SharedStateManager] State updated successfully {"path":"tasks.f4bbfc99-0db1-4a3a-85f5-76bf788982b0"}
2025-12-08T15:08:20.551Z [INFO] [SharedStateManager] State updated successfully {"path":"tasks.f4bbfc99-0db1-4a3a-85f5-76bf788982b0"}
2025-12-08T15:08:20.551Z [INFO] [SharedStateManager] State updated successfully {"path":"tasks.26b14146-bf0d-49e2-a01f-4c0266d583ee"}
2025-12-08T15:08:20.551Z [INFO] [SharedStateManager] State updated successfully {"path":"tasks.26b14146-bf0d-49e2-a01f-4c0266d583ee"}
2025-12-08T15:08:20.551Z [INFO] [SharedStateManager] State updated successfully {"path":"tasks.26b14146-bf0d-49e2-a01f-4c0266d583ee"}
2025-12-08T15:08:20.551Z [INFO] [SharedStateManager] State updated successfully {"path":"system.coordinator.status"}
2025-12-08T15:08:20.551Z [INFO] [SharedStateManager] State updated successfully {"path":"agents.cb9c6652-a49a-41d3-8440-51fc0fa601f6"}
2025-12-08T15:08:20.551Z [INFO] [SharedStateManager] State updated successfully {"path":"system"}
2025-12-08T15:08:20.552Z [INFO] [SharedStateManager] State updated successfully {"path":"test.value"}
2025-12-08T15:08:20.552Z [INFO] [SharedStateManager] State updated successfully {"path":"test.nested.value"}
2025-12-08T15:08:20.552Z [INFO] [SharedStateManager] State updated successfully {"path":"agents.count"}
2025-12-08T15:08:20.552Z [INFO] [SharedStateManager] State updated successfully {"path":"agents.count"}
2025-12-08T15:08:20.552Z [INFO] [SharedStateManager] State updated successfully {"path":"system"}
2025-12-08T15:08:20.552Z [INFO] [SharedStateManager] Subscription created {"path":"test.watchable","subscriptionId":"791d4981-d18d-49b0-8016-709633ab6694"}
2025-12-08T15:08:20.552Z [INFO] [SharedStateManager] State updated successfully {"path":"test.watchable"}
2025-12-08T15:08:20.552Z [INFO] [SharedStateManager] State updated successfully {"path":"test.watchable"}
2025-12-08T15:08:20.552Z [INFO] [SharedStateManager] Subscription removed {"subscriptionId":"791d4981-d18d-49b0-8016-709633ab6694"}
2025-12-08T15:08:20.552Z [INFO] [SharedStateManager] State updated successfully {"path":"test.watchable"}
2025-12-08T15:08:20.553Z [INFO] [SharedStateManager] State updated successfully {"path":"system"}
2025-12-08T15:08:20.553Z [INFO] [SharedStateManager] State updated successfully {"path":"system.coordinator"}
2025-12-08T15:08:20.553Z [INFO] [SharedStateManager] State updated successfully {"path":"system.coordinator.status"}
2025-12-08T15:08:20.553Z [INFO] [SharedStateManager] State updated successfully {"path":"agents.5cf8764d-4fa0-4a4f-83ac-d96f51f5d1a0"}
2025-12-08T15:08:20.553Z [INFO] [SharedStateManager] State updated successfully {"path":"agents.5cf8764d-4fa0-4a4f-83ac-d96f51f5d1a0"}
2025-12-08T15:08:20.553Z [INFO] [SharedStateManager] State updated successfully {"path":"agents.5d1491c7-5733-43fb-ba8d-4642ac2c372a"}
2025-12-08T15:08:20.553Z [INFO] [SharedStateManager] State updated successfully {"path":"agents.5d1491c7-5733-43fb-ba8d-4642ac2c372a"}
2025-12-08T15:08:20.553Z [INFO] [SharedStateManager] State updated successfully {"path":"tasks.60abf72e-7bbc-4dbf-b584-7b96cdbbcb49"}
2025-12-08T15:08:20.553Z [INFO] [SharedStateManager] State updated successfully {"path":"system.coordinator.status"}
2025-12-08T15:08:20.553Z [INFO] [SharedStateManager] State updated successfully {"path":"tasks.60abf72e-7bbc-4dbf-b584-7b96cdbbcb49"}
2025-12-08T15:08:20.553Z [INFO] [SharedStateManager] State updated successfully {"path":"tasks.60abf72e-7bbc-4dbf-b584-7b96cdbbcb49"}
2025-12-08T15:08:20.553Z [INFO] [SharedStateManager] State updated successfully {"path":"tasks.60abf72e-7bbc-4dbf-b584-7b96cdbbcb49.research_results"}
2025-12-08T15:08:20.553Z [INFO] [SharedStateManager] State updated successfully {"path":"tasks.60abf72e-7bbc-4dbf-b584-7b96cdbbcb49"}
2025-12-08T15:08:20.554Z [INFO] [SharedStateManager] State updated successfully {"path":"tasks.60abf72e-7bbc-4dbf-b584-7b96cdbbcb49.analysis_results"}
2025-12-08T15:08:20.554Z [INFO] [SharedStateManager] State updated successfully {"path":"tasks.60abf72e-7bbc-4dbf-b584-7b96cdbbcb49"}
2025-12-08T15:20:44.652Z [INFO] [SharedStateManager] Persistence not configured. 
2025-12-08T15:20:44.654Z [INFO] [SharedStateManager] State updated successfully {"path":"system"}
2025-12-08T15:20:44.655Z [INFO] [SharedStateManager] State updated successfully {"path":"system.coordinator"}
2025-12-08T15:20:44.655Z [INFO] [SharedStateManager] State updated successfully {"path":"system.coordinator.status"}
2025-12-08T15:20:44.655Z [INFO] [SharedStateManager] State updated successfully {"path":"agents.f9af86ca-eded-42c6-946a-9ed9d30fc937"}
2025-12-08T15:20:44.655Z [INFO] [SharedStateManager] State updated successfully {"path":"agents.f9af86ca-eded-42c6-946a-9ed9d30fc937"}
2025-12-08T15:20:44.656Z [INFO] [SharedStateManager] State updated successfully {"path":"system.coordinator.status"}
2025-12-08T15:20:44.656Z [INFO] [SharedStateManager] State updated successfully {"path":"agents.f9af86ca-eded-42c6-946a-9ed9d30fc937"}
2025-12-08T15:20:44.657Z [INFO] [SharedStateManager] State updated successfully {"path":"system"}
2025-12-08T15:20:44.657Z [INFO] [SharedStateManager] State updated successfully {"path":"system.coordinator"}
2025-12-08T15:20:44.657Z [INFO] [SharedStateManager] State updated successfully {"path":"system.coordinator.status"}
2025-12-08T15:20:44.657Z [INFO] [SharedStateManager] State updated successfully {"path":"agents.d06df8d6-91ad-4bf7-bd7b-b2156c82211f"}
2025-12-08T15:20:44.658Z [INFO] [SharedStateManager] State updated successfully {"path":"agents.d06df8d6-91ad-4bf7-bd7b-b2156c82211f"}
2025-12-08T15:20:44.658Z [INFO] [SharedStateManager] State updated successfully {"path":"agents.7dc19f93-c400-4f4a-bceb-d0036116aa84"}
2025-12-08T15:20:44.658Z [INFO] [SharedStateManager] State updated successfully {"path":"agents.7dc19f93-c400-4f4a-bceb-d0036116aa84"}
2025-12-08T15:20:44.658Z [INFO] [SharedStateManager] State updated successfully {"path":"agents.1a8d67cb-eeaf-4f32-bf7f-a00cb9b7dd61"}
2025-12-08T15:20:44.658Z [INFO] [SharedStateManager] State updated successfully {"path":"agents.1a8d67cb-eeaf-4f32-bf7f-a00cb9b7dd61"}
2025-12-08T15:20:44.658Z [INFO] [SharedStateManager] State updated successfully {"path":"system.coordinator.status"}
2025-12-08T15:20:44.658Z [INFO] [SharedStateManager] State updated successfully {"path":"agents.d06df8d6-91ad-4bf7-bd7b-b2156c82211f"}
2025-12-08T15:20:44.658Z [INFO] [SharedStateManager] State updated successfully {"path":"agents.7dc19f93-c400-4f4a-bceb-d0036116aa84"}
2025-12-08T15:20:44.658Z [INFO] [SharedStateManager] State updated successfully {"path":"agents.1a8d67cb-eeaf-4f32-bf7f-a00cb9b7dd61"}
2025-12-08T15:20:44.658Z [INFO] [SharedStateManager] State updated successfully {"path":"system"}
2025-12-08T15:20:44.659Z [INFO] [SharedStateManager] State updated successfully {"path":"system.coordinator"}
2025-12-08T15:20:44.659Z [INFO] [SharedStateManager] State updated successfully {"path":"system.coordinator.status"}
2025-12-08T15:20:44.659Z [INFO] [SharedStateManager] State updated successfully {"path":"agents.70b001b9-134b-4bfa-a4b9-2e8743df129d"}
2025-12-08T15:20:44.659Z [INFO] [SharedStateManager] State updated successfully {"path":"agents.70b001b9-134b-4bfa-a4b9-2e8743df129d"}
2025-12-08T15:20:44.659Z [INFO] [SharedStateManager] State updated successfully {"path":"tasks.f1691d79-78f5-4713-be13-15cff880bc08"}
2025-12-08T15:20:44.659Z [INFO] [SharedStateManager] State updated successfully {"path":"tasks.f1691d79-78f5-4713-be13-15cff880bc08"}
2025-12-08T15:20:44.659Z [INFO] [SharedStateManager] State updated successfully {"path":"tasks.f1691d79-78f5-4713-be13-15cff880bc08"}
2025-12-08T15:20:44.659Z [INFO] [SharedStateManager] State updated successfully {"path":"tasks.f1691d79-78f5-4713-be13-15cff880bc08"}
2025-12-08T15:20:44.659Z [INFO] [SharedStateManager] State updated successfully {"path":"system.coordinator.status"}
2025-12-08T15:20:44.659Z [INFO] [SharedStateManager] State updated successfully {"path":"agents.70b001b9-134b-4bfa-a4b9-2e8743df129d"}
2025-12-08T15:20:44.660Z [INFO] [SharedStateManager] State updated successfully {"path":"system"}
2025-12-08T15:20:44.660Z [INFO] [SharedStateManager] State updated successfully {"path":"system.coordinator"}
2025-12-08T15:20:44.660Z [INFO] [SharedStateManager] State updated successfully {"path":"system.coordinator.status"}
2025-12-08T15:20:44.660Z [INFO] [SharedStateManager] State updated successfully {"path":"agents.ba2fec90-8c87-4c10-a974-39997e7bdda8"}
2025-12-08T15:20:44.660Z [INFO] [SharedStateManager] State updated successfully {"path":"agents.ba2fec90-8c87-4c10-a974-39997e7bdda8"}
2025-12-08T15:20:44.660Z [INFO] [SharedStateManager] State updated successfully {"path":"tasks.6c5790e9-ba5d-4349-ba11-b5c15fa9b951"}
2025-12-08T15:20:44.660Z [INFO] [SharedStateManager] State updated successfully {"path":"tasks.4f8a4c42-5a45-4d91-9c9a-9a7951b14675"}
2025-12-08T15:20:44.660Z [INFO] [SharedStateManager] State updated successfully {"path":"tasks.b61490aa-1fee-4116-8934-1673ee349615"}
2025-12-08T15:20:44.661Z [INFO] [SharedStateManager] State updated successfully {"path":"tasks.6c5790e9-ba5d-4349-ba11-b5c15fa9b951"}
2025-12-08T15:20:44.661Z [INFO] [SharedStateManager] State updated successfully {"path":"tasks.6c5790e9-ba5d-4349-ba11-b5c15fa9b951"}
2025-12-08T15:20:44.661Z [INFO] [SharedStateManager] State updated successfully {"path":"tasks.6c5790e9-ba5d-4349-ba11-b5c15fa9b951"}
2025-12-08T15:20:44.661Z [INFO] [SharedStateManager] State updated successfully {"path":"tasks.4f8a4c42-5a45-4d91-9c9a-9a7951b14675"}
2025-12-08T15:20:44.661Z [INFO] [SharedStateManager] State updated successfully {"path":"tasks.4f8a4c42-5a45-4d91-9c9a-9a7951b14675"}
2025-12-08T15:20:44.661Z [INFO] [SharedStateManager] State updated successfully {"path":"tasks.4f8a4c42-5a45-4d91-9c9a-9a7951b14675"}
2025-12-08T15:20:44.661Z [INFO] [SharedStateManager] State updated successfully {"path":"system.coordinator.status"}
2025-12-08T15:20:44.661Z [INFO] [SharedStateManager] State updated successfully {"path":"agents.ba2fec90-8c87-4c10-a974-39997e7bdda8"}
2025-12-08T15:20:44.661Z [INFO] [SharedStateManager] State updated successfully {"path":"system"}
2025-12-08T15:20:44.661Z [INFO] [SharedStateManager] State updated successfully {"path":"test.value"}
2025-12-08T15:20:44.661Z [INFO] [SharedStateManager] State updated successfully {"path":"test.nested.value"}
2025-12-08T15:20:44.661Z [INFO] [SharedStateManager] State updated successfully {"path":"agents.count"}
2025-12-08T15:20:44.661Z [INFO] [SharedStateManager] State updated successfully {"path":"agents.count"}
2025-12-08T15:20:44.662Z [INFO] [SharedStateManager] State updated successfully {"path":"system"}
2025-12-08T15:20:44.662Z [INFO] [SharedStateManager] Subscription created {"path":"test.watchable","subscriptionId":"adaf6e00-fa4b-4c27-828b-59bd1ca24fc0"}
2025-12-08T15:20:44.662Z [INFO] [SharedStateManager] State updated successfully {"path":"test.watchable"}
2025-12-08T15:20:44.662Z [INFO] [SharedStateManager] State updated successfully {"path":"test.watchable"}
2025-12-08T15:20:44.662Z [INFO] [SharedStateManager] Subscription removed {"subscriptionId":"adaf6e00-fa4b-4c27-828b-59bd1ca24fc0"}
2025-12-08T15:20:44.662Z [INFO] [SharedStateManager] State updated successfully {"path":"test.watchable"}
2025-12-08T15:20:44.662Z [INFO] [SharedStateManager] State updated successfully {"path":"system"}
2025-12-08T15:20:44.662Z [INFO] [SharedStateManager] State updated successfully {"path":"system.coordinator"}
2025-12-08T15:20:44.662Z [INFO] [SharedStateManager] State updated successfully {"path":"system.coordinator.status"}
2025-12-08T15:20:44.663Z [INFO] [SharedStateManager] State updated successfully {"path":"agents.7219688a-e7e6-431a-8a40-98d74ebef958"}
2025-12-08T15:20:44.663Z [INFO] [SharedStateManager] State updated successfully {"path":"agents.7219688a-e7e6-431a-8a40-98d74ebef958"}
2025-12-08T15:20:44.663Z [INFO] [SharedStateManager] State updated successfully {"path":"agents.c1780bcf-6d9a-4906-83ff-e0434e6dd628"}
2025-12-08T15:20:44.663Z [INFO] [SharedStateManager] State updated successfully {"path":"agents.c1780bcf-6d9a-4906-83ff-e0434e6dd628"}
2025-12-08T15:20:44.663Z [INFO] [SharedStateManager] State updated successfully {"path":"tasks.13cf45e7-6742-451a-a2ed-913f095e7602"}
2025-12-08T15:20:44.663Z [INFO] [SharedStateManager] State updated successfully {"path":"system.coordinator.status"}
2025-12-08T15:20:44.663Z [INFO] [SharedStateManager] State updated successfully {"path":"tasks.13cf45e7-6742-451a-a2ed-913f095e7602"}
2025-12-08T15:20:44.663Z [INFO] [SharedStateManager] State updated successfully {"path":"tasks.13cf45e7-6742-451a-a2ed-913f095e7602"}
2025-12-08T15:20:44.663Z [INFO] [SharedStateManager] State updated successfully {"path":"tasks.13cf45e7-6742-451a-a2ed-913f095e7602.research_results"}
2025-12-08T15:20:44.663Z [INFO] [SharedStateManager] State updated successfully {"path":"tasks.13cf45e7-6742-451a-a2ed-913f095e7602"}
2025-12-08T15:20:44.663Z [INFO] [SharedStateManager] State updated successfully {"path":"tasks.13cf45e7-6742-451a-a2ed-913f095e7602.analysis_results"}
2025-12-08T15:20:44.663Z [INFO] [SharedStateManager] State updated successfully {"path":"tasks.13cf45e7-6742-451a-a2ed-913f095e7602"}
2025-12-08T15:42:09.171Z [INFO] [SharedStateManager] Persistence not configured. 
2025-12-08T15:42:09.174Z [INFO] [SharedStateManager] State updated successfully {"path":"system"}
2025-12-08T15:42:09.175Z [INFO] [SharedStateManager] State updated successfully {"path":"system.coordinator"}
2025-12-08T15:42:09.175Z [INFO] [SharedStateManager] State updated successfully {"path":"system.coordinator.status"}
2025-12-08T15:42:09.175Z [INFO] [SharedStateManager] State updated successfully {"path":"agents.152b7fcc-8ef1-41a1-b90f-319904fa4b19"}
2025-12-08T15:42:09.175Z [INFO] [SharedStateManager] State updated successfully {"path":"agents.152b7fcc-8ef1-41a1-b90f-319904fa4b19"}
2025-12-08T15:42:09.176Z [INFO] [SharedStateManager] State updated successfully {"path":"system.coordinator.status"}
2025-12-08T15:42:09.176Z [INFO] [SharedStateManager] State updated successfully {"path":"agents.152b7fcc-8ef1-41a1-b90f-319904fa4b19"}
2025-12-08T15:42:09.177Z [INFO] [SharedStateManager] State updated successfully {"path":"system"}
2025-12-08T15:42:09.177Z [INFO] [SharedStateManager] State updated successfully {"path":"system.coordinator"}
2025-12-08T15:42:09.177Z [INFO] [SharedStateManager] State updated successfully {"path":"system.coordinator.status"}
2025-12-08T15:42:09.178Z [INFO] [SharedStateManager] State updated successfully {"path":"agents.27d0591f-fbf5-4df1-bc34-1cd3b065d09e"}
2025-12-08T15:42:09.178Z [INFO] [SharedStateManager] State updated successfully {"path":"agents.27d0591f-fbf5-4df1-bc34-1cd3b065d09e"}
2025-12-08T15:42:09.178Z [INFO] [SharedStateManager] State updated successfully {"path":"agents.a00cad0a-e60b-4e21-9ea7-e94945284649"}
2025-12-08T15:42:09.178Z [INFO] [SharedStateManager] State updated successfully {"path":"agents.a00cad0a-e60b-4e21-9ea7-e94945284649"}
2025-12-08T15:42:09.178Z [INFO] [SharedStateManager] State updated successfully {"path":"agents.f708e9db-a3df-4eab-93f7-a2b71f967bc2"}
2025-12-08T15:42:09.178Z [INFO] [SharedStateManager] State updated successfully {"path":"agents.f708e9db-a3df-4eab-93f7-a2b71f967bc2"}
2025-12-08T15:42:09.182Z [INFO] [SharedStateManager] State updated successfully {"path":"system"}
2025-12-08T15:42:09.182Z [INFO] [SharedStateManager] State updated successfully {"path":"system.coordinator"}
2025-12-08T15:42:09.182Z [INFO] [SharedStateManager] State updated successfully {"path":"system.coordinator.status"}
2025-12-08T15:42:09.183Z [INFO] [SharedStateManager] State updated successfully {"path":"agents.4eed6718-c995-49b6-b311-51bd2b890def"}
2025-12-08T15:42:09.183Z [INFO] [SharedStateManager] State updated successfully {"path":"agents.4eed6718-c995-49b6-b311-51bd2b890def"}
2025-12-08T15:42:09.183Z [INFO] [SharedStateManager] State updated successfully {"path":"tasks.95b094a0-decf-436f-9add-838f7da2f345"}
2025-12-08T15:42:09.183Z [INFO] [SharedStateManager] State updated successfully {"path":"tasks.95b094a0-decf-436f-9add-838f7da2f345"}
2025-12-08T15:42:09.183Z [INFO] [SharedStateManager] State updated successfully {"path":"tasks.95b094a0-decf-436f-9add-838f7da2f345"}
2025-12-08T15:42:09.183Z [INFO] [SharedStateManager] State updated successfully {"path":"tasks.95b094a0-decf-436f-9add-838f7da2f345"}
2025-12-08T15:42:09.183Z [INFO] [SharedStateManager] State updated successfully {"path":"system.coordinator.status"}
2025-12-08T15:42:09.183Z [INFO] [SharedStateManager] State updated successfully {"path":"agents.4eed6718-c995-49b6-b311-51bd2b890def"}
2025-12-08T15:42:09.183Z [INFO] [SharedStateManager] State updated successfully {"path":"system"}
2025-12-08T15:42:09.183Z [INFO] [SharedStateManager] State updated successfully {"path":"system.coordinator"}
2025-12-08T15:42:09.184Z [INFO] [SharedStateManager] State updated successfully {"path":"system.coordinator.status"}
2025-12-08T15:42:09.184Z [INFO] [SharedStateManager] State updated successfully {"path":"agents.06840b61-3741-4ee6-aae7-12b062d3e146"}
2025-12-08T15:42:09.184Z [INFO] [SharedStateManager] State updated successfully {"path":"agents.06840b61-3741-4ee6-aae7-12b062d3e146"}
2025-12-08T15:42:09.184Z [INFO] [SharedStateManager] State updated successfully {"path":"tasks.6dca6811-f381-4da9-8869-4a456897edab"}
2025-12-08T15:42:09.184Z [INFO] [SharedStateManager] State updated successfully {"path":"tasks.4cdfb11d-440f-4ab2-ad46-2e6087c37dfe"}
2025-12-08T15:42:09.184Z [INFO] [SharedStateManager] State updated successfully {"path":"tasks.5870d7f6-e6b3-4d15-89fa-eb2a5ec43c77"}
2025-12-08T15:42:09.184Z [INFO] [SharedStateManager] State updated successfully {"path":"tasks.6dca6811-f381-4da9-8869-4a456897edab"}
2025-12-08T15:42:09.184Z [INFO] [SharedStateManager] State updated successfully {"path":"tasks.6dca6811-f381-4da9-8869-4a456897edab"}
2025-12-08T15:42:09.184Z [INFO] [SharedStateManager] State updated successfully {"path":"tasks.6dca6811-f381-4da9-8869-4a456897edab"}
2025-12-08T15:42:09.184Z [INFO] [SharedStateManager] State updated successfully {"path":"tasks.4cdfb11d-440f-4ab2-ad46-2e6087c37dfe"}
2025-12-08T15:42:09.184Z [INFO] [SharedStateManager] State updated successfully {"path":"tasks.4cdfb11d-440f-4ab2-ad46-2e6087c37dfe"}
2025-12-08T15:42:09.184Z [INFO] [SharedStateManager] State updated successfully {"path":"tasks.4cdfb11d-440f-4ab2-ad46-2e6087c37dfe"}
2025-12-08T15:42:09.184Z [INFO] [SharedStateManager] State updated successfully {"path":"system.coordinator.status"}
2025-12-08T15:42:09.184Z [INFO] [SharedStateManager] State updated successfully {"path":"agents.06840b61-3741-4ee6-aae7-12b062d3e146"}
2025-12-08T15:42:09.184Z [INFO] [SharedStateManager] State updated successfully {"path":"system"}
2025-12-08T15:42:09.185Z [INFO] [SharedStateManager] State updated successfully {"path":"test.value"}
2025-12-08T15:42:09.185Z [INFO] [SharedStateManager] State updated successfully {"path":"test.nested.value"}
2025-12-08T15:42:09.185Z [INFO] [SharedStateManager] State updated successfully {"path":"agents.count"}
2025-12-08T15:42:09.185Z [INFO] [SharedStateManager] State updated successfully {"path":"agents.count"}
2025-12-08T15:42:09.185Z [INFO] [SharedStateManager] State updated successfully {"path":"system"}
2025-12-08T15:42:09.185Z [INFO] [SharedStateManager] Subscription created {"path":"test.watchable","subscriptionId":"cae9c356-df8d-4861-9347-5777903179e3"}
2025-12-08T15:42:09.185Z [INFO] [SharedStateManager] State updated successfully {"path":"test.watchable"}
2025-12-08T15:42:09.185Z [INFO] [SharedStateManager] State updated successfully {"path":"test.watchable"}
2025-12-08T15:42:09.185Z [INFO] [SharedStateManager] Subscription removed {"subscriptionId":"cae9c356-df8d-4861-9347-5777903179e3"}
2025-12-08T15:42:09.185Z [INFO] [SharedStateManager] State updated successfully {"path":"test.watchable"}
2025-12-08T15:42:09.185Z [INFO] [SharedStateManager] State updated successfully {"path":"system"}
2025-12-08T15:42:09.186Z [INFO] [SharedStateManager] State updated successfully {"path":"system.coordinator"}
2025-12-08T15:42:09.186Z [INFO] [SharedStateManager] State updated successfully {"path":"system.coordinator.status"}
2025-12-08T15:42:09.186Z [INFO] [SharedStateManager] State updated successfully {"path":"agents.944ee909-82c8-446d-a8ef-b90783e0de5d"}
2025-12-08T15:42:09.186Z [INFO] [SharedStateManager] State updated successfully {"path":"agents.944ee909-82c8-446d-a8ef-b90783e0de5d"}
2025-12-08T15:42:09.186Z [INFO] [SharedStateManager] State updated successfully {"path":"agents.eb8ffb1e-ea06-4b4c-8924-a53d4ee8adb6"}
2025-12-08T15:42:09.186Z [INFO] [SharedStateManager] State updated successfully {"path":"agents.eb8ffb1e-ea06-4b4c-8924-a53d4ee8adb6"}
2025-12-08T15:42:09.186Z [INFO] [SharedStateManager] State updated successfully {"path":"tasks.7e3988df-6edb-4efe-8a04-d36821d1c209"}
2025-12-08T15:42:09.186Z [INFO] [SharedStateManager] State updated successfully {"path":"system.coordinator.status"}
2025-12-08T15:42:09.186Z [INFO] [SharedStateManager] State updated successfully {"path":"tasks.7e3988df-6edb-4efe-8a04-d36821d1c209"}
2025-12-08T15:42:09.186Z [INFO] [SharedStateManager] State updated successfully {"path":"tasks.7e3988df-6edb-4efe-8a04-d36821d1c209"}
2025-12-08T15:42:09.186Z [INFO] [SharedStateManager] State updated successfully {"path":"tasks.7e3988df-6edb-4efe-8a04-d36821d1c209.research_results"}
2025-12-08T15:42:09.186Z [INFO] [SharedStateManager] State updated successfully {"path":"tasks.7e3988df-6edb-4efe-8a04-d36821d1c209"}
2025-12-08T15:42:09.186Z [INFO] [SharedStateManager] State updated successfully {"path":"tasks.7e3988df-6edb-4efe-8a04-d36821d1c209.analysis_results"}
2025-12-08T15:42:09.186Z [INFO] [SharedStateManager] State updated successfully {"path":"tasks.7e3988df-6edb-4efe-8a04-d36821d1c209"}
