=== State Management Example Log - 2025-04-24T22:15:25.483Z ===

INFO: Starting State Management Example
INFO: Creating simulated units with state managers
INFO: Enabling distributed synchronization for all units
INFO: Setting up state subscriptions
INFO: Demonstrating state operations across units
INFO: Updating existing state to demonstrate change propagation
INFO: Demonstrating state transactions
INFO: Research unit transaction committed successfully
INFO: Demonstrating conflict resolution
INFO: Concurrent updates applied - conflict resolution based on strategy
INFO: [research_unit] Resolved value of shared_data.user_count: 100
INFO: [development_unit] Resolved value of shared_data.user_count: 120
INFO: [operations_unit] Resolved value of shared_data.user_count: 110
INFO: [project_alpha] Resolved value of shared_data.user_count: undefined
INFO: Demonstrating state deletion
INFO: Deleted budget from project resources
INFO: Remaining resources after deletion: {
  "developers": 5,
  "researchers": 2,
  "compute_units": 15
}
INFO: Demonstrating path-based state querying
INFO: Project milestones: [
  {
    "name": "Requirements Gathering",
    "due_date": "2025-05-09T22:15:25.493Z",
    "status": "in_progress"
  },
  {
    "name": "Architecture Design",
    "due_date": "2025-05-24T22:15:25.493Z",
    "status": "not_started"
  },
  {
    "name": "Implementation",
    "due_date": "2025-06-23T22:15:25.493Z",
    "status": "not_started"
  },
  {
    "name": "Testing",
    "due_date": "2025-07-08T22:15:25.493Z",
    "status": "not_started"
  },
  {
    "name": "Deployment",
    "due_date": "2025-07-18T22:15:25.493Z",
    "status": "not_started"
  }
]
INFO: Department statuses from operations view: undefined
INFO: Demonstrating subscription management
INFO: Research unit unsubscribed from project alpha status updates
INFO: Saving final state snapshots
INFO: Generated human-readable artifacts (markdown and HTML visualizations)
INFO: Cleaning up resources
INFO: Example completed. Output saved to: output/state-management-example-2025-04-24T22-15-25
